141126 19:42:13 [Note] Plugin 'InnoDB' is disabled.
141126 19:42:13 [Note] Plugin 'FEEDBACK' is disabled.
141126 19:42:13 [Note] Plugin 'InnoDB' is disabled.
141126 19:42:13 [Note] Plugin 'FEEDBACK' is disabled.
141126 19:42:13 [Note] Plugin 'InnoDB' is disabled.
141126 19:42:13 [Note] Plugin 'FEEDBACK' is disabled.
141126 19:48:03 mysqld_safe Starting mysqld daemon with databases from /var/lib/mysql
141126 19:48:03 InnoDB: The InnoDB memory heap is disabled
141126 19:48:03 InnoDB: Mutexes and rw_locks use GCC atomic builtins
141126 19:48:03 InnoDB: Compressed tables use zlib 1.2.8
141126 19:48:03 InnoDB: Using Linux native AIO
141126 19:48:03 InnoDB: Initializing buffer pool, size = 128.0M
141126 19:48:03 InnoDB: Completed initialization of buffer pool
InnoDB: The first specified data file ./ibdata1 did not exist:
InnoDB: a new database to be created!
141126 19:48:03  InnoDB: Setting file ./ibdata1 size to 10 MB
InnoDB: Database physically writes the file full: wait...
141126 19:48:03  InnoDB: Log file ./ib_logfile0 did not exist: new to be created
InnoDB: Setting log file ./ib_logfile0 size to 5 MB
InnoDB: Database physically writes the file full: wait...
141126 19:48:03  InnoDB: Log file ./ib_logfile1 did not exist: new to be created
InnoDB: Setting log file ./ib_logfile1 size to 5 MB
InnoDB: Database physically writes the file full: wait...
InnoDB: Doublewrite buffer not found: creating new
InnoDB: Doublewrite buffer created
InnoDB: 127 rollback segment(s) active.
InnoDB: Creating foreign key constraint system tables
InnoDB: Foreign key constraint system tables created
141126 19:48:03  InnoDB: Waiting for the background threads to start
141126 19:48:04 Percona XtraDB (http://www.percona.com) 5.5.40-MariaDB-36.1 started; log sequence number 0
141126 19:48:04 [Note] Plugin 'FEEDBACK' is disabled.
141126 19:48:04 [Note] Server socket created on IP: '0.0.0.0'.
141126 19:48:04 [Note] Event Scheduler: Loaded 0 events
141126 19:48:04 [Note] /usr/sbin/mysqld: ready for connections.
Version: '5.5.40-MariaDB-0ubuntu0.14.04.1'  socket: '/var/run/mysqld/mysqld.sock'  port: 3306  (Ubuntu)
141126 20:04:30 mysqld_safe Starting mysqld daemon with databases from /var/lib/mysql
141126 20:04:30 InnoDB: The InnoDB memory heap is disabled
141126 20:04:30 InnoDB: Mutexes and rw_locks use GCC atomic builtins
141126 20:04:30 InnoDB: Compressed tables use zlib 1.2.8
141126 20:04:30 InnoDB: Using Linux native AIO
141126 20:04:30 InnoDB: Initializing buffer pool, size = 128.0M
141126 20:04:30 InnoDB: Completed initialization of buffer pool
141126 20:04:30 InnoDB: highest supported file format is Barracuda.
InnoDB: The log sequence number in ibdata files does not match
InnoDB: the log sequence number in the ib_logfiles!
141126 20:04:30  InnoDB: Database was not shut down normally!
InnoDB: Starting crash recovery.
InnoDB: Reading tablespace information from the .ibd files...
InnoDB: Restoring possible half-written data pages from the doublewrite
InnoDB: buffer...
141126 20:04:30  InnoDB: Waiting for the background threads to start
141126 20:04:31 Percona XtraDB (http://www.percona.com) 5.5.40-MariaDB-36.1 started; log sequence number 1597945
141126 20:04:31 [Note] Plugin 'FEEDBACK' is disabled.
141126 20:04:31 [Note] Server socket created on IP: '0.0.0.0'.
141126 20:04:31 [ERROR] mysqld: Table './mysql/user' is marked as crashed and should be repaired
141126 20:04:31 [Warning] Checking table:   './mysql/user'
141126 20:04:31 [ERROR] mysql.user: 1 client is using or hasn't closed the table properly
141126 20:04:31 [ERROR] mysqld: Table './mysql/db' is marked as crashed and should be repaired
141126 20:04:31 [Warning] Checking table:   './mysql/db'
141126 20:04:31 [ERROR] mysql.db: 1 client is using or hasn't closed the table properly
141126 20:04:31 [Note] Event Scheduler: Loaded 0 events
141126 20:04:31 [Note] /usr/sbin/mysqld: ready for connections.
Version: '5.5.40-MariaDB-0ubuntu0.14.04.1'  socket: '/var/run/mysqld/mysqld.sock'  port: 3306  (Ubuntu)
